#
# A fatal error has been detected by the Java Runtime Environment:
#
#  EXCEPTION_ACCESS_VIOLATION (0xc0000005) at pc=0x0000022d978a1066, pid=15404, tid=19352
#
# JRE version: OpenJDK Runtime Environment AdoptOpenJDK (11.0.8+10) (build 11.0.8+10)
# Java VM: OpenJDK 64-Bit Server VM AdoptOpenJDK (11.0.8+10, mixed mode, tiered, compressed oops, g1 gc, windows-amd64)
# Problematic frame:
# C  [OpenAL64.dll+0x11066]
#
# No core dump will be written. Minidumps are not enabled by default on client versions of Windows
#
# If you would like to submit a bug report, please visit:
#   https://github.com/AdoptOpenJDK/openjdk-support/issues
# The crash happened outside the Java Virtual Machine in native code.
# See problematic frame for where to report the bug.
#

---------------  S U M M A R Y ------------

Command Line: -Duser.language=es_AR -Dfile.encoding=UTF-8 org.uqbar.project.wollok.launch.WollokLauncher -requestsPort 0 -eventsPort 0 -folder -dontValidate -wf src/huertaDeToni.wpgm -darkMode

Host: Intel(R) Core(TM) i7-6500U CPU @ 2.50GHz, 4 cores, 7G,  Windows 10 , 64 bit Build 14393 (10.0.14393.2906)
Time: Sun Nov  1 19:27:31 2020 Hora estándar de Argentina elapsed time: 6 seconds (0d 0h 0m 6s)

---------------  T H R E A D  ---------------

Current thread (0x0000022df69ac800):  JavaThread "main" [_thread_in_native, id=19352, stack(0x0000004442900000,0x0000004442a00000)]

Stack: [0x0000004442900000,0x0000004442a00000],  sp=0x00000044429fc480,  free space=1009k
Native frames: (J=compiled Java code, j=interpreted, Vv=VM code, C=native code)
C  [OpenAL64.dll+0x11066]

Java frames: (J=compiled Java code, j=interpreted, Vv=VM code)
j  org.lwjgl.openal.ALC10.nalcCreateContext(JJ)J+0
j  org.lwjgl.openal.ALC10.alcCreateContext(Lorg/lwjgl/openal/ALCdevice;Ljava/nio/IntBuffer;)Lorg/lwjgl/openal/ALCcontext;+8
j  org.lwjgl.openal.AL.init(Ljava/lang/String;IIZZ)V+69
j  org.lwjgl.openal.AL.create(Ljava/lang/String;IIZZ)V+246
j  org.lwjgl.openal.AL.create(Ljava/lang/String;IIZ)V+5
j  org.lwjgl.openal.AL.create()V+6
j  com.badlogic.gdx.backends.lwjgl.audio.OpenALAudio.<init>(III)V+114
j  com.badlogic.gdx.backends.lwjgl.LwjglApplication.<init>(Lcom/badlogic/gdx/ApplicationListener;Lcom/badlogic/gdx/backends/lwjgl/LwjglApplicationConfiguration;Lcom/badlogic/gdx/backends/lwjgl/LwjglGraphics;)V+120
j  com.badlogic.gdx.backends.lwjgl.LwjglApplication.<init>(Lcom/badlogic/gdx/ApplicationListener;Lcom/badlogic/gdx/backends/lwjgl/LwjglApplicationConfiguration;)V+11
j  org.uqbar.project.wollok.game.gameboard.WollokGDXApplication.<init>(Lorg/uqbar/project/wollok/game/gameboard/Gameboard;Ljava/lang/Boolean;)V+17
j  org.uqbar.project.wollok.game.helpers.Application.start(Lorg/uqbar/project/wollok/game/gameboard/Gameboard;Ljava/lang/Boolean;)V+5
j  org.uqbar.project.wollok.game.gameboard.Gameboard.start(Ljava/lang/Boolean;)V+13
j  wollok.game.GameObject.doStart(Ljava/lang/Boolean;)V+12
v  ~StubRoutines::call_stub
j  jdk.internal.reflect.NativeMethodAccessorImpl.invoke0(Ljava/lang/reflect/Method;Ljava/lang/Object;[Ljava/lang/Object;)Ljava/lang/Object;+0 java.base@11.0.8
J 3587 c1 jdk.internal.reflect.NativeMethodAccessorImpl.invoke(Ljava/lang/Object;[Ljava/lang/Object;)Ljava/lang/Object; java.base@11.0.8 (104 bytes) @ 0x0000022d80cc913c [0x0000022d80cc8dc0+0x000000000000037c]
J 2895 c1 jdk.internal.reflect.DelegatingMethodAccessorImpl.invoke(Ljava/lang/Object;[Ljava/lang/Object;)Ljava/lang/Object; java.base@11.0.8 (10 bytes) @ 0x0000022d80bcd7bc [0x0000022d80bcd6c0+0x00000000000000fc]
J 2894 c1 java.lang.reflect.Method.invoke(Ljava/lang/Object;[Ljava/lang/Object;)Ljava/lang/Object; java.base@11.0.8 (65 bytes) @ 0x0000022d80bc71cc [0x0000022d80bc6ea0+0x000000000000032c]
j  org.uqbar.project.wollok.ui.utils.XTendUtilExtensions.invokeConvertingArgs(Ljava/lang/reflect/Method;Ljava/lang/Object;[Ljava/lang/Object;)Lorg/uqbar/project/wollok/interpreter/core/WollokObject;+261
j  org.uqbar.project.wollok.interpreter.AbstractWollokCallable._invokeNative(Ljava/lang/Object;Ljava/lang/String;[Lorg/uqbar/project/wollok/interpreter/core/WollokObject;)Lorg/uqbar/project/wollok/interpreter/core/WollokObject;+41
j  org.uqbar.project.wollok.interpreter.AbstractWollokCallable.invokeNative(Ljava/lang/Object;Ljava/lang/String;[Lorg/uqbar/project/wollok/interpreter/core/WollokObject;)Lorg/uqbar/project/wollok/interpreter/core/WollokObject;+26
j  org.uqbar.project.wollok.interpreter.AbstractWollokCallable$1.apply()Lorg/uqbar/project/wollok/interpreter/core/WollokObject;+55
j  org.uqbar.project.wollok.interpreter.AbstractWollokCallable$1.apply()Ljava/lang/Object;+1
j  org.uqbar.project.wollok.interpreter.threads.WThread.performOnStack(Lorg/eclipse/emf/ecore/EObject;Lorg/uqbar/project/wollok/interpreter/context/EvaluationContext;Lorg/eclipse/xtext/xbase/lib/Functions$Function0;)Lorg/uqbar/project/wollok/interpreter/core/WollokObject;+29
J 3802 c1 org.uqbar.project.wollok.interpreter.WollokInterpreter.performOnStack(Lorg/eclipse/emf/ecore/EObject;Lorg/uqbar/project/wollok/interpreter/context/EvaluationContext;Lorg/eclipse/xtext/xbase/lib/Functions$Function0;)Lorg/uqbar/project/wollok/interpreter/core/WollokObject; (11 bytes) @ 0x0000022d80d5c6b4 [0x0000022d80d5c5e0+0x00000000000000d4]
j  org.uqbar.project.wollok.interpreter.AbstractWollokCallable.call(Lorg/uqbar/project/wollok/wollokDsl/WMethodDeclaration;[Lorg/uqbar/project/wollok/interpreter/core/WollokObject;)Lorg/uqbar/project/wollok/interpreter/core/WollokObject;+38
J 3923 c1 org.uqbar.project.wollok.interpreter.core.WollokObject.call(Ljava/lang/String;[Lorg/uqbar/project/wollok/interpreter/core/WollokObject;)Lorg/uqbar/project/wollok/interpreter/core/WollokObject; (61 bytes) @ 0x0000022d80da6c64 [0x0000022d80da65c0+0x00000000000006a4]
j  org.uqbar.project.wollok.interpreter.WollokInterpreterEvaluator._evaluate(Lorg/uqbar/project/wollok/wollokDsl/WFeatureCall;)Lorg/uqbar/project/wollok/interpreter/core/WollokObject;+119
J 3614 c1 org.uqbar.project.wollok.launch.WollokLauncherInterpreterEvaluator.evaluate(Lorg/eclipse/emf/ecore/EObject;)Lorg/uqbar/project/wollok/interpreter/core/WollokObject; (502 bytes) @ 0x0000022d80cd5f44 [0x0000022d80cd4c40+0x0000000000001304]
J 3615 c1 org.uqbar.project.wollok.interpreter.WollokInterpreter.eval(Lorg/eclipse/emf/ecore/EObject;)Lorg/uqbar/project/wollok/interpreter/core/WollokObject; (190 bytes) @ 0x0000022d80cdb41c [0x0000022d80cdb000+0x000000000000041c]
J 3703 c1 org.uqbar.project.wollok.interpreter.WollokInterpreterEvaluator.eval(Lorg/eclipse/emf/ecore/EObject;)Lorg/uqbar/project/wollok/interpreter/core/WollokObject; (9 bytes) @ 0x0000022d80d06cb4 [0x0000022d80d06c40+0x0000000000000074]
j  org.uqbar.project.wollok.interpreter.WollokInterpreterEvaluator$1.apply(Lorg/uqbar/project/wollok/interpreter/core/WollokObject;Lorg/eclipse/emf/ecore/EObject;)Lorg/uqbar/project/wollok/interpreter/core/WollokObject;+5
j  org.uqbar.project.wollok.interpreter.WollokInterpreterEvaluator$1.apply(Ljava/lang/Object;Ljava/lang/Object;)Ljava/lang/Object;+9
J 3817 c1 org.eclipse.xtext.xbase.lib.IterableExtensions.fold(Ljava/lang/Iterable;Ljava/lang/Object;Lorg/eclipse/xtext/xbase/lib/Functions$Function2;)Ljava/lang/Object; (12 bytes) @ 0x0000022d80d674bc [0x0000022d80d67220+0x000000000000029c]
j  org.uqbar.project.wollok.interpreter.WollokInterpreterEvaluator.evalAll(Ljava/lang/Iterable;)Lorg/uqbar/project/wollok/interpreter/core/WollokObject;+12
j  org.uqbar.project.wollok.interpreter.WollokInterpreterEvaluator._evaluate(Lorg/uqbar/project/wollok/wollokDsl/WBlockExpression;)Lorg/uqbar/project/wollok/interpreter/core/WollokObject;+34
J 3614 c1 org.uqbar.project.wollok.launch.WollokLauncherInterpreterEvaluator.evaluate(Lorg/eclipse/emf/ecore/EObject;)Lorg/uqbar/project/wollok/interpreter/core/WollokObject; (502 bytes) @ 0x0000022d80cd6cbc [0x0000022d80cd4c40+0x000000000000207c]
J 3615 c1 org.uqbar.project.wollok.interpreter.WollokInterpreter.eval(Lorg/eclipse/emf/ecore/EObject;)Lorg/uqbar/project/wollok/interpreter/core/WollokObject; (190 bytes) @ 0x0000022d80cdb41c [0x0000022d80cdb000+0x000000000000041c]
j  org.uqbar.project.wollok.interpreter.AbstractWollokCallable.eval(Lorg/eclipse/emf/ecore/EObject;)Lorg/uqbar/project/wollok/interpreter/core/WollokObject;+5
j  org.uqbar.project.wollok.interpreter.AbstractWollokCallable$1.apply()Lorg/uqbar/project/wollok/interpreter/core/WollokObject;+110
j  org.uqbar.project.wollok.interpreter.AbstractWollokCallable$1.apply()Ljava/lang/Object;+1
j  org.uqbar.project.wollok.interpreter.threads.WThread.performOnStack(Lorg/eclipse/emf/ecore/EObject;Lorg/uqbar/project/wollok/interpreter/context/EvaluationContext;Lorg/eclipse/xtext/xbase/lib/Functions$Function0;)Lorg/uqbar/project/wollok/interpreter/core/WollokObject;+29
J 3802 c1 org.uqbar.project.wollok.interpreter.WollokInterpreter.performOnStack(Lorg/eclipse/emf/ecore/EObject;Lorg/uqbar/project/wollok/interpreter/context/EvaluationContext;Lorg/eclipse/xtext/xbase/lib/Functions$Function0;)Lorg/uqbar/project/wollok/interpreter/core/WollokObject; (11 bytes) @ 0x0000022d80d5c6b4 [0x0000022d80d5c5e0+0x00000000000000d4]
j  org.uqbar.project.wollok.interpreter.AbstractWollokCallable.call(Lorg/uqbar/project/wollok/wollokDsl/WMethodDeclaration;[Lorg/uqbar/project/wollok/interpreter/core/WollokObject;)Lorg/uqbar/project/wollok/interpreter/core/WollokObject;+38
J 3923 c1 org.uqbar.project.wollok.interpreter.core.WollokObject.call(Ljava/lang/String;[Lorg/uqbar/project/wollok/interpreter/core/WollokObject;)Lorg/uqbar/project/wollok/interpreter/core/WollokObject; (61 bytes) @ 0x0000022d80da6c64 [0x0000022d80da65c0+0x00000000000006a4]
j  org.uqbar.project.wollok.interpreter.WollokInterpreterEvaluator._evaluate(Lorg/uqbar/project/wollok/wollokDsl/WFeatureCall;)Lorg/uqbar/project/wollok/interpreter/core/WollokObject;+119
J 3614 c1 org.uqbar.project.wollok.launch.WollokLauncherInterpreterEvaluator.evaluate(Lorg/eclipse/emf/ecore/EObject;)Lorg/uqbar/project/wollok/interpreter/core/WollokObject; (502 bytes) @ 0x0000022d80cd5f44 [0x0000022d80cd4c40+0x0000000000001304]
J 3615 c1 org.uqbar.project.wollok.interpreter.WollokInterpreter.eval(Lorg/eclipse/emf/ecore/EObject;)Lorg/uqbar/project/wollok/interpreter/core/WollokObject; (190 bytes) @ 0x0000022d80cdb41c [0x0000022d80cdb000+0x000000000000041c]
J 3703 c1 org.uqbar.project.wollok.interpreter.WollokInterpreterEvaluator.eval(Lorg/eclipse/emf/ecore/EObject;)Lorg/uqbar/project/wollok/interpreter/core/WollokObject; (9 bytes) @ 0x0000022d80d06cb4 [0x0000022d80d06c40+0x0000000000000074]
j  org.uqbar.project.wollok.interpreter.WollokInterpreterEvaluator$1.apply(Lorg/uqbar/project/wollok/interpreter/core/WollokObject;Lorg/eclipse/emf/ecore/EObject;)Lorg/uqbar/project/wollok/interpreter/core/WollokObject;+5
j  org.uqbar.project.wollok.interpreter.WollokInterpreterEvaluator$1.apply(Ljava/lang/Object;Ljava/lang/Object;)Ljava/lang/Object;+9
j  org.eclipse.xtext.xbase.lib.IteratorExtensions.fold(Ljava/util/Iterator;Ljava/lang/Object;Lorg/eclipse/xtext/xbase/lib/Functions$Function2;)Ljava/lang/Object;+19
j  org.eclipse.xtext.xbase.lib.IterableExtensions.fold(Ljava/lang/Iterable;Ljava/lang/Object;Lorg/eclipse/xtext/xbase/lib/Functions$Function2;)Ljava/lang/Object;+8
j  org.uqbar.project.wollok.interpreter.WollokInterpreterEvaluator.evalAll(Ljava/lang/Iterable;)Lorg/uqbar/project/wollok/interpreter/core/WollokObject;+12
j  org.uqbar.project.wollok.interpreter.WollokInterpreterEvaluator._evaluate(Lorg/uqbar/project/wollok/wollokDsl/WProgram;)Lorg/uqbar/project/wollok/interpreter/core/WollokObject;+18
j  org.uqbar.project.wollok.launch.WollokLauncherInterpreterEvaluator.evaluate(Lorg/eclipse/emf/ecore/EObject;)Lorg/uqbar/project/wollok/interpreter/core/WollokObject;+444
j  org.uqbar.project.wollok.interpreter.WollokInterpreterEvaluator.evaluate(Lorg/eclipse/emf/ecore/EObject;)Ljava/lang/Object;+2
j  org.uqbar.project.wollok.interpreter.WollokInterpreter.eval(Lorg/eclipse/emf/ecore/EObject;)Lorg/uqbar/project/wollok/interpreter/core/WollokObject;+63
j  org.uqbar.project.wollok.interpreter.WollokInterpreterEvaluator.eval(Lorg/eclipse/emf/ecore/EObject;)Lorg/uqbar/project/wollok/interpreter/core/WollokObject;+5
j  org.uqbar.project.wollok.launch.WollokLauncherInterpreterEvaluator._evaluate(Lorg/uqbar/project/wollok/wollokDsl/WFile;)Lorg/uqbar/project/wollok/interpreter/core/WollokObject;+32
j  org.uqbar.project.wollok.launch.WollokLauncherInterpreterEvaluator.evaluate(Lorg/eclipse/emf/ecore/EObject;)Lorg/uqbar/project/wollok/interpreter/core/WollokObject;+428
j  org.uqbar.project.wollok.interpreter.WollokInterpreterEvaluator.evaluate(Lorg/eclipse/emf/ecore/EObject;)Ljava/lang/Object;+2
j  org.uqbar.project.wollok.interpreter.WollokInterpreter.interpret(Lorg/eclipse/emf/ecore/EObject;Ljava/lang/Boolean;)Lorg/uqbar/project/wollok/interpreter/core/WollokObject;+25
j  org.uqbar.project.wollok.interpreter.WollokInterpreter.interpret(Lorg/eclipse/emf/ecore/EObject;)Lorg/uqbar/project/wollok/interpreter/core/WollokObject;+8
j  org.uqbar.project.wollok.launch.WollokLauncher.doSomething(Lorg/uqbar/project/wollok/wollokDsl/WFile;Lcom/google/inject/Injector;Ljava/io/File;Lorg/uqbar/project/wollok/launch/WollokLauncherParameters;)V+109
j  org.uqbar.project.wollok.launch.WollokChecker.launch(Ljava/lang/String;Lorg/uqbar/project/wollok/launch/WollokLauncherParameters;)V+31
j  org.uqbar.project.wollok.launch.WollokChecker.doMain([Ljava/lang/String;)V+205
j  org.uqbar.project.wollok.launch.WollokLauncher.main([Ljava/lang/String;)V+8
v  ~StubRoutines::call_stub

siginfo: EXCEPTION_ACCESS_VIOLATION (0xc0000005), reading address 0x0000022d98448004


Register to memory mapping:

RIP=0x0000022d978a1066 OpenAL64.dll
RAX=0x00000000000a000b is an unknown value
RBX=0x0000022d99850090 points into unknown readable memory: 02 00 00 00 01 00 00 00
RCX=0x0000022d98448008 is an unknown value
RDX=0x0000022d98448004 is an unknown value
RSP=0x00000044429fc480 is pointing into the stack for thread: 0x0000022df69ac800
RBP=0x00000000000000ff is an unknown value
RSI=0x0000022d9843c4fc points into unknown readable memory: 2c c3 2d bf
RDI=0x0 is NULL
R8 =0x0000000000002ec2 is an unknown value
R9 =0x0000022d9843c4fc points into unknown readable memory: 2c c3 2d bf
R10=0x0000022d8000eee8 is at code_begin+1000 in an Interpreter codelet
method entry point (kind = native)  [0x0000022d8000eb00, 0x0000022d8000f5a0]  2720 bytes
R11=0x0000000089b35310 is an oop: java.lang.Class 
{0x0000000089b35310} - klass: 'java/lang/Class'
R12=0x0000000000000001 is an unknown value
R13={method} {0x0000022d99b374e0} 'nalcCreateContext' '(JJ)J' in 'org/lwjgl/openal/ALC10'
R14=0x00000044429fc620 is pointing into the stack for thread: 0x0000022df69ac800
R15=0x0000022df69ac800 is a thread


Registers:
RAX=0x00000000000a000b, RBX=0x0000022d99850090, RCX=0x0000022d98448008, RDX=0x0000022d98448004
RSP=0x00000044429fc480, RBP=0x00000000000000ff, RSI=0x0000022d9843c4fc, RDI=0x0000000000000000
R8 =0x0000000000002ec2, R9 =0x0000022d9843c4fc, R10=0x0000022d8000eee8, R11=0x0000000089b35310
R12=0x0000000000000001, R13=0x0000022d99b374d8, R14=0x00000044429fc620, R15=0x0000022df69ac800
RIP=0x0000022d978a1066, EFLAGS=0x0000000000010202

Top of Stack: (sp=0x00000044429fc480)
0x00000044429fc480:   0000022df69ad090 0000002800000003
0x00000044429fc490:   0000022df69ac800 00000044429fc620
0x00000044429fc4a0:   0000022d99b374d8 00007ff9f54d6619
0x00000044429fc4b0:   0000000000000000 00000000000001f0
0x00000044429fc4c0:   0000022df69ac800 0000022df69ac800
0x00000044429fc4d0:   00000044429fcee0 00007ff9f56c2a83
0x00000044429fc4e0:   00000044429fc500 0000022df69ac800
0x00000044429fc4f0:   0000022df69ac800 00000044429fc620
0x00000044429fc500:   0000022d99b374d8 0000000000000000
0x00000044429fc510:   0000022d9843c4fc 00000000000001f0
0x00000044429fc520:   00000044429fc5e8 0000022d978a248f
0x00000044429fc530:   0000022d99850090 0000022d99850090
0x00000044429fc540:   0000022d0000ac44 0000022d000a000b
0x00000044429fc550:   0000000000000000 0000022d8000ef17
0x00000044429fc560:   0000022d99b374d8 0000022d8000ebfc
0x00000044429fc570:   0000022df69ac800 0000022d99b374d8 

Instructions: (pc=0x0000022d978a1066)
0x0000022d978a0f66:   b0 00 00 00 0f ba a3 fc 00 00 00 1f 44 89 9c 24
0x0000022d978a0f76:   b0 00 00 00 73 15 48 8b 83 f8 61 01 00 48 8b cb
0x0000022d978a0f86:   ff 50 20 44 8b 9c 24 b0 00 00 00 0f ba b3 fc 00
0x0000022d978a0f96:   00 00 1f 44 89 7b 38 44 89 6b 44 44 89 73 48 e9
0x0000022d978a0fa6:   56 01 00 00 83 3d 4f 94 04 00 02 0f 8c 8e fe ff
0x0000022d978a0fb6:   ff 4c 8d 05 a2 2c 03 00 e9 6f fe ff ff 48 3b d7
0x0000022d978a0fc6:   0f 84 3f 01 00 00 39 3a 0f 84 37 01 00 00 0f ba
0x0000022d978a0fd6:   a1 fc 00 00 00 1f 73 0a 48 8b 81 f8 61 01 00 ff
0x0000022d978a0fe6:   50 20 8b 43 38 0f ba b3 fc 00 00 00 1f 8b 6b 64
0x0000022d978a0ff6:   44 8b 63 68 89 84 24 c0 00 00 00 8b 43 6c 89 84
0x0000022d978a1006:   24 c8 00 00 00 4c 8b c7 39 3e 74 58 48 8b d6 48
0x0000022d978a1016:   8d 4e 04 81 3a 07 10 00 00 75 10 8b 01 83 8b fc
0x0000022d978a1026:   00 00 00 02 89 84 24 c0 00 00 00 81 3a 11 10 00
0x0000022d978a1036:   00 75 10 8b 6b 5c 44 8b 21 44 3b e5 44 0f 47 e5
0x0000022d978a1046:   41 2b ec 81 3a 03 00 02 00 75 09 8b 01 89 84 24
0x0000022d978a1056:   c8 00 00 00 49 83 c0 02 48 83 c1 08 4a 8d 14 86
0x0000022d978a1066:   39 3a 75 af 4c 8d 84 24 c0 00 00 00 48 8d 15 d7
0x0000022d978a1076:   2b 03 00 33 c9 e8 58 5f 00 00 b8 40 1f 00 00 4c
0x0000022d978a1086:   8d 84 24 c8 00 00 00 39 84 24 c0 00 00 00 48 8d
0x0000022d978a1096:   15 e9 2b 03 00 0f 47 84 24 c0 00 00 00 33 c9 89
0x0000022d978a10a6:   84 24 c0 00 00 00 e8 27 5f 00 00 8b 43 3c 44 8b
0x0000022d978a10b6:   84 24 c0 00 00 00 8b 4b 38 41 bb 04 00 00 00 44
0x0000022d978a10c6:   39 9c 24 c8 00 00 00 44 0f 42 9c 24 c8 00 00 00
0x0000022d978a10d6:   33 d2 44 89 9c 24 c8 00 00 00 49 0f af c0 48 f7
0x0000022d978a10e6:   f1 89 43 3c f6 05 43 b6 04 00 01 74 09 83 c0 03
0x0000022d978a10f6:   83 e0 fc 89 43 3c 44 89 43 38 44 89 5b 6c 44 89
0x0000022d978a1106:   63 68 89 6b 64 44 8b 9b fc 00 00 00 41 0f ba e3
0x0000022d978a1116:   1f 0f 82 6a 05 00 00 44 8b 6b 38 8b 6b 44 44 8b
0x0000022d978a1126:   63 48 41 bf 03 00 00 00 48 8d 35 5b 2b 03 00 4c
0x0000022d978a1136:   8d 35 80 dc 02 00 44 39 3d bd 92 04 00 0f 8c 81
0x0000022d978a1146:   00 00 00 4c 8d 15 88 28 03 00 4c 8d 35 f5 2a 03
0x0000022d978a1156:   00 41 f6 c3 02 4d 8b ca 41 8b cc 4d 0f 45 ce e8 


Stack slot to memory mapping:
stack at sp + 0 slots: 0x0000022df69ad090 points into unknown readable memory: 6a 61 76 61 2e 6c 61 6e
stack at sp + 1 slots: 0x0000002800000003 is an unknown value
stack at sp + 2 slots: 0x0000022df69ac800 is a thread
stack at sp + 3 slots: 0x00000044429fc620 is pointing into the stack for thread: 0x0000022df69ac800
stack at sp + 4 slots: {method} {0x0000022d99b374e0} 'nalcCreateContext' '(JJ)J' in 'org/lwjgl/openal/ALC10'
stack at sp + 5 slots: 0x00007ff9f54d6619 jvm.dll
stack at sp + 6 slots: 0x0 is NULL
stack at sp + 7 slots: 0x00000000000001f0 is an unknown value


---------------  P R O C E S S  ---------------

Threads class SMR info:
_java_thread_list=0x0000022d98495dd0, length=12, elements={
0x0000022df69ac800, 0x0000022d95133800, 0x0000022d9596b000, 0x0000022d959b4800,
0x0000022d959b5800, 0x0000022d959b8800, 0x0000022d959c1000, 0x0000022d959c5000,
0x0000022d95b1f000, 0x0000022d95b2b800, 0x0000022d973fe000, 0x0000022d96915800
}

Java Threads: ( => current thread )
=>0x0000022df69ac800 JavaThread "main" [_thread_in_native, id=19352, stack(0x0000004442900000,0x0000004442a00000)]
  0x0000022d95133800 JavaThread "Reference Handler" daemon [_thread_blocked, id=11408, stack(0x0000004443000000,0x0000004443100000)]
  0x0000022d9596b000 JavaThread "Finalizer" daemon [_thread_blocked, id=1500, stack(0x0000004443100000,0x0000004443200000)]
  0x0000022d959b4800 JavaThread "Signal Dispatcher" daemon [_thread_blocked, id=13628, stack(0x0000004443200000,0x0000004443300000)]
  0x0000022d959b5800 JavaThread "Attach Listener" daemon [_thread_blocked, id=10876, stack(0x0000004443300000,0x0000004443400000)]
  0x0000022d959b8800 JavaThread "C2 CompilerThread0" daemon [_thread_blocked, id=112, stack(0x0000004443400000,0x0000004443500000)]
  0x0000022d959c1000 JavaThread "C1 CompilerThread0" daemon [_thread_blocked, id=4088, stack(0x0000004443500000,0x0000004443600000)]
  0x0000022d959c5000 JavaThread "Sweeper thread" daemon [_thread_blocked, id=15944, stack(0x0000004443600000,0x0000004443700000)]
  0x0000022d95b1f000 JavaThread "Service Thread" daemon [_thread_blocked, id=11780, stack(0x0000004443700000,0x0000004443800000)]
  0x0000022d95b2b800 JavaThread "Common-Cleaner" daemon [_thread_blocked, id=11268, stack(0x0000004443900000,0x0000004443a00000)]
  0x0000022d973fe000 JavaThread "EMF Reference Cleaner" daemon [_thread_blocked, id=5704, stack(0x0000004443d00000,0x0000004443e00000)]
  0x0000022d96915800 JavaThread "com.google.inject.internal.util.$Finalizer" daemon [_thread_blocked, id=19364, stack(0x0000004443f00000,0x0000004444000000)]

Other Threads:
  0x0000022d95157800 VMThread "VM Thread" [stack: 0x0000004442f00000,0x0000004443000000] [id=14120]
  0x0000022d95b22800 WatcherThread [stack: 0x0000004443800000,0x0000004443900000] [id=17700]
  0x0000022df69c7000 GCTaskThread "GC Thread#0" [stack: 0x0000004442a00000,0x0000004442b00000] [id=872]
  0x0000022d961ac800 GCTaskThread "GC Thread#1" [stack: 0x0000004443b00000,0x0000004443c00000] [id=12648]
  0x0000022d96616000 GCTaskThread "GC Thread#2" [stack: 0x0000004443c00000,0x0000004443d00000] [id=5940]
  0x0000022df69f7000 ConcurrentGCThread "G1 Main Marker" [stack: 0x0000004442b00000,0x0000004442c00000] [id=18612]
  0x0000022df69fd000 ConcurrentGCThread "G1 Conc#0" [stack: 0x0000004442c00000,0x0000004442d00000] [id=13888]
  0x0000022d94f9e800 ConcurrentGCThread "G1 Refine#0" [stack: 0x0000004442d00000,0x0000004442e00000] [id=9996]
  0x0000022d94f9f800 ConcurrentGCThread "G1 Young RemSet Sampling" [stack: 0x0000004442e00000,0x0000004442f00000] [id=18644]

Threads with active compile tasks:

VM state:not at safepoint (normal execution)

VM Mutex/Monitor currently owned by a thread: None

Heap address: 0x0000000081600000, size: 2026 MB, Compressed Oops mode: 32-bit
Narrow klass base: 0x0000000000000000, Narrow klass shift: 3
Compressed class space size: 1073741824 Address: 0x0000000100000000

Heap:
 garbage-first heap   total 157696K, used 43159K [0x0000000081600000, 0x0000000100000000)
  region size 1024K, 25 young (25600K), 4 survivors (4096K)
 Metaspace       used 26762K, capacity 27093K, committed 27264K, reserved 1073152K
  class space    used 3005K, capacity 3097K, committed 3200K, reserved 1048576K
Heap Regions: E=young(eden), S=young(survivor), O=old, HS=humongous(starts), HC=humongous(continues), CS=collection set, F=free, A=archive, TAMS=top-at-mark-start (previous, next)
|   0|0x0000000081600000, 0x0000000081700000, 0x0000000081700000|100%| O|  |TAMS 0x0000000081700000, 0x0000000081600000| Untracked 
|   1|0x0000000081700000, 0x0000000081800000, 0x0000000081800000|100%| O|  |TAMS 0x0000000081800000, 0x0000000081700000| Untracked 
|   2|0x0000000081800000, 0x0000000081900000, 0x0000000081900000|100%| O|  |TAMS 0x0000000081900000, 0x0000000081800000| Untracked 
|   3|0x0000000081900000, 0x0000000081a00000, 0x0000000081a00000|100%| O|  |TAMS 0x0000000081a00000, 0x0000000081900000| Untracked 
|   4|0x0000000081a00000, 0x0000000081b00000, 0x0000000081b00000|100%| O|  |TAMS 0x0000000081b00000, 0x0000000081a00000| Untracked 
|   5|0x0000000081b00000, 0x0000000081c00000, 0x0000000081c00000|100%| O|  |TAMS 0x0000000081c00000, 0x0000000081b00000| Untracked 
|   6|0x0000000081c00000, 0x0000000081d00000, 0x0000000081d00000|100%| O|  |TAMS 0x0000000081d00000, 0x0000000081c00000| Untracked 
|   7|0x0000000081d00000, 0x0000000081e00000, 0x0000000081e00000|100%| O|  |TAMS 0x0000000081e00000, 0x0000000081d00000| Untracked 
|   8|0x0000000081e00000, 0x0000000081f00000, 0x0000000081f00000|100%| O|  |TAMS 0x0000000081f00000, 0x0000000081e00000| Untracked 
|   9|0x0000000081f00000, 0x0000000082000000, 0x0000000082000000|100%| O|  |TAMS 0x0000000082000000, 0x0000000081f00000| Untracked 
|  10|0x0000000082000000, 0x0000000082100000, 0x0000000082100000|100%| O|  |TAMS 0x0000000082100000, 0x0000000082000000| Untracked 
|  11|0x0000000082100000, 0x0000000082200000, 0x0000000082200000|100%| O|  |TAMS 0x0000000082200000, 0x0000000082100000| Untracked 
|  12|0x0000000082200000, 0x0000000082300000, 0x0000000082300000|100%| O|  |TAMS 0x0000000082300000, 0x0000000082200000| Untracked 
|  13|0x0000000082300000, 0x0000000082400000, 0x0000000082400000|100%| O|  |TAMS 0x0000000082400000, 0x0000000082300000| Untracked 
|  14|0x0000000082400000, 0x0000000082500000, 0x0000000082500000|100%| O|  |TAMS 0x0000000082500000, 0x0000000082400000| Untracked 
|  15|0x0000000082500000, 0x0000000082600000, 0x0000000082600000|100%| O|  |TAMS 0x0000000082600000, 0x0000000082500000| Untracked 
|  16|0x0000000082600000, 0x0000000082700000, 0x0000000082700000|100%| O|  |TAMS 0x0000000082700000, 0x0000000082600000| Untracked 
|  17|0x0000000082700000, 0x0000000082800000, 0x0000000082800000|100%| O|  |TAMS 0x0000000082800000, 0x0000000082700000| Untracked 
|  18|0x0000000082800000, 0x000000008288ec00, 0x0000000082900000| 55%| O|  |TAMS 0x000000008288ec00, 0x0000000082800000| Untracked 
|  19|0x0000000082900000, 0x0000000082900000, 0x0000000082a00000|  0%| F|  |TAMS 0x0000000082900000, 0x0000000082900000| Untracked 
|  20|0x0000000082a00000, 0x0000000082a00000, 0x0000000082b00000|  0%| F|  |TAMS 0x0000000082a00000, 0x0000000082a00000| Untracked 
|  21|0x0000000082b00000, 0x0000000082b00000, 0x0000000082c00000|  0%| F|  |TAMS 0x0000000082b00000, 0x0000000082b00000| Untracked 
|  22|0x0000000082c00000, 0x0000000082c00000, 0x0000000082d00000|  0%| F|  |TAMS 0x0000000082c00000, 0x0000000082c00000| Untracked 
|  23|0x0000000082d00000, 0x0000000082d00000, 0x0000000082e00000|  0%| F|  |TAMS 0x0000000082d00000, 0x0000000082d00000| Untracked 
|  24|0x0000000082e00000, 0x0000000082e00000, 0x0000000082f00000|  0%| F|  |TAMS 0x0000000082e00000, 0x0000000082e00000| Untracked 
|  25|0x0000000082f00000, 0x0000000082f00000, 0x0000000083000000|  0%| F|  |TAMS 0x0000000082f00000, 0x0000000082f00000| Untracked 
|  26|0x0000000083000000, 0x0000000083000000, 0x0000000083100000|  0%| F|  |TAMS 0x0000000083000000, 0x0000000083000000| Untracked 
|  27|0x0000000083100000, 0x0000000083100000, 0x0000000083200000|  0%| F|  |TAMS 0x0000000083100000, 0x0000000083100000| Untracked 
|  28|0x0000000083200000, 0x0000000083200000, 0x0000000083300000|  0%| F|  |TAMS 0x0000000083200000, 0x0000000083200000| Untracked 
|  29|0x0000000083300000, 0x0000000083300000, 0x0000000083400000|  0%| F|  |TAMS 0x0000000083300000, 0x0000000083300000| Untracked 
|  30|0x0000000083400000, 0x0000000083400000, 0x0000000083500000|  0%| F|  |TAMS 0x0000000083400000, 0x0000000083400000| Untracked 
|  31|0x0000000083500000, 0x0000000083500000, 0x0000000083600000|  0%| F|  |TAMS 0x0000000083500000, 0x0000000083500000| Untracked 
|  32|0x0000000083600000, 0x0000000083600000, 0x0000000083700000|  0%| F|  |TAMS 0x0000000083600000, 0x0000000083600000| Untracked 
|  33|0x0000000083700000, 0x0000000083700000, 0x0000000083800000|  0%| F|  |TAMS 0x0000000083700000, 0x0000000083700000| Untracked 
|  34|0x0000000083800000, 0x0000000083800000, 0x0000000083900000|  0%| F|  |TAMS 0x0000000083800000, 0x0000000083800000| Untracked 
|  35|0x0000000083900000, 0x0000000083900000, 0x0000000083a00000|  0%| F|  |TAMS 0x0000000083900000, 0x0000000083900000| Untracked 
|  36|0x0000000083a00000, 0x0000000083a00000, 0x0000000083b00000|  0%| F|  |TAMS 0x0000000083a00000, 0x0000000083a00000| Untracked 
|  37|0x0000000083b00000, 0x0000000083b00000, 0x0000000083c00000|  0%| F|  |TAMS 0x0000000083b00000, 0x0000000083b00000| Untracked 
|  38|0x0000000083c00000, 0x0000000083c00000, 0x0000000083d00000|  0%| F|  |TAMS 0x0000000083c00000, 0x0000000083c00000| Untracked 
|  39|0x0000000083d00000, 0x0000000083d00000, 0x0000000083e00000|  0%| F|  |TAMS 0x0000000083d00000, 0x0000000083d00000| Untracked 
|  40|0x0000000083e00000, 0x0000000083e00000, 0x0000000083f00000|  0%| F|  |TAMS 0x0000000083e00000, 0x0000000083e00000| Untracked 
|  41|0x0000000083f00000, 0x0000000083f00000, 0x0000000084000000|  0%| F|  |TAMS 0x0000000083f00000, 0x0000000083f00000| Untracked 
|  42|0x0000000084000000, 0x0000000084000000, 0x0000000084100000|  0%| F|  |TAMS 0x0000000084000000, 0x0000000084000000| Untracked 
|  43|0x0000000084100000, 0x0000000084100000, 0x0000000084200000|  0%| F|  |TAMS 0x0000000084100000, 0x0000000084100000| Untracked 
|  44|0x0000000084200000, 0x0000000084200000, 0x0000000084300000|  0%| F|  |TAMS 0x0000000084200000, 0x0000000084200000| Untracked 
|  45|0x0000000084300000, 0x0000000084300000, 0x0000000084400000|  0%| F|  |TAMS 0x0000000084300000, 0x0000000084300000| Untracked 
|  46|0x0000000084400000, 0x0000000084400000, 0x0000000084500000|  0%| F|  |TAMS 0x0000000084400000, 0x0000000084400000| Untracked 
|  47|0x0000000084500000, 0x0000000084500000, 0x0000000084600000|  0%| F|  |TAMS 0x0000000084500000, 0x0000000084500000| Untracked 
|  48|0x0000000084600000, 0x0000000084600000, 0x0000000084700000|  0%| F|  |TAMS 0x0000000084600000, 0x0000000084600000| Untracked 
|  49|0x0000000084700000, 0x0000000084700000, 0x0000000084800000|  0%| F|  |TAMS 0x0000000084700000, 0x0000000084700000| Untracked 
|  50|0x0000000084800000, 0x0000000084800000, 0x0000000084900000|  0%| F|  |TAMS 0x0000000084800000, 0x0000000084800000| Untracked 
|  51|0x0000000084900000, 0x0000000084900000, 0x0000000084a00000|  0%| F|  |TAMS 0x0000000084900000, 0x0000000084900000| Untracked 
|  52|0x0000000084a00000, 0x0000000084a00000, 0x0000000084b00000|  0%| F|  |TAMS 0x0000000084a00000, 0x0000000084a00000| Untracked 
|  53|0x0000000084b00000, 0x0000000084b00000, 0x0000000084c00000|  0%| F|  |TAMS 0x0000000084b00000, 0x0000000084b00000| Untracked 
|  54|0x0000000084c00000, 0x0000000084c00000, 0x0000000084d00000|  0%| F|  |TAMS 0x0000000084c00000, 0x0000000084c00000| Untracked 
|  55|0x0000000084d00000, 0x0000000084d00000, 0x0000000084e00000|  0%| F|  |TAMS 0x0000000084d00000, 0x0000000084d00000| Untracked 
|  56|0x0000000084e00000, 0x0000000084e00000, 0x0000000084f00000|  0%| F|  |TAMS 0x0000000084e00000, 0x0000000084e00000| Untracked 
|  57|0x0000000084f00000, 0x0000000084f00000, 0x0000000085000000|  0%| F|  |TAMS 0x0000000084f00000, 0x0000000084f00000| Untracked 
|  58|0x0000000085000000, 0x0000000085000000, 0x0000000085100000|  0%| F|  |TAMS 0x0000000085000000, 0x0000000085000000| Untracked 
|  59|0x0000000085100000, 0x0000000085100000, 0x0000000085200000|  0%| F|  |TAMS 0x0000000085100000, 0x0000000085100000| Untracked 
|  60|0x0000000085200000, 0x0000000085200000, 0x0000000085300000|  0%| F|  |TAMS 0x0000000085200000, 0x0000000085200000| Untracked 
|  61|0x0000000085300000, 0x0000000085300000, 0x0000000085400000|  0%| F|  |TAMS 0x0000000085300000, 0x0000000085300000| Untracked 
|  62|0x0000000085400000, 0x0000000085400000, 0x0000000085500000|  0%| F|  |TAMS 0x0000000085400000, 0x0000000085400000| Untracked 
|  63|0x0000000085500000, 0x0000000085500000, 0x0000000085600000|  0%| F|  |TAMS 0x0000000085500000, 0x0000000085500000| Untracked 
|  64|0x0000000085600000, 0x0000000085600000, 0x0000000085700000|  0%| F|  |TAMS 0x0000000085600000, 0x0000000085600000| Untracked 
|  65|0x0000000085700000, 0x0000000085700000, 0x0000000085800000|  0%| F|  |TAMS 0x0000000085700000, 0x0000000085700000| Untracked 
|  66|0x0000000085800000, 0x0000000085800000, 0x0000000085900000|  0%| F|  |TAMS 0x0000000085800000, 0x0000000085800000| Untracked 
|  67|0x0000000085900000, 0x0000000085900000, 0x0000000085a00000|  0%| F|  |TAMS 0x0000000085900000, 0x0000000085900000| Untracked 
|  68|0x0000000085a00000, 0x0000000085a00000, 0x0000000085b00000|  0%| F|  |TAMS 0x0000000085a00000, 0x0000000085a00000| Untracked 
|  69|0x0000000085b00000, 0x0000000085b00000, 0x0000000085c00000|  0%| F|  |TAMS 0x0000000085b00000, 0x0000000085b00000| Untracked 
|  70|0x0000000085c00000, 0x0000000085c00000, 0x0000000085d00000|  0%| F|  |TAMS 0x0000000085c00000, 0x0000000085c00000| Untracked 
|  71|0x0000000085d00000, 0x0000000085d00000, 0x0000000085e00000|  0%| F|  |TAMS 0x0000000085d00000, 0x0000000085d00000| Untracked 
|  72|0x0000000085e00000, 0x0000000085e00000, 0x0000000085f00000|  0%| F|  |TAMS 0x0000000085e00000, 0x0000000085e00000| Untracked 
|  73|0x0000000085f00000, 0x0000000085f00000, 0x0000000086000000|  0%| F|  |TAMS 0x0000000085f00000, 0x0000000085f00000| Untracked 
|  74|0x0000000086000000, 0x0000000086000000, 0x0000000086100000|  0%| F|  |TAMS 0x0000000086000000, 0x0000000086000000| Untracked 
|  75|0x0000000086100000, 0x0000000086100000, 0x0000000086200000|  0%| F|  |TAMS 0x0000000086100000, 0x0000000086100000| Untracked 
|  76|0x0000000086200000, 0x0000000086200000, 0x0000000086300000|  0%| F|  |TAMS 0x0000000086200000, 0x0000000086200000| Untracked 
|  77|0x0000000086300000, 0x0000000086300000, 0x0000000086400000|  0%| F|  |TAMS 0x0000000086300000, 0x0000000086300000| Untracked 
|  78|0x0000000086400000, 0x0000000086400000, 0x0000000086500000|  0%| F|  |TAMS 0x0000000086400000, 0x0000000086400000| Untracked 
|  79|0x0000000086500000, 0x0000000086500000, 0x0000000086600000|  0%| F|  |TAMS 0x0000000086500000, 0x0000000086500000| Untracked 
|  80|0x0000000086600000, 0x0000000086600000, 0x0000000086700000|  0%| F|  |TAMS 0x0000000086600000, 0x0000000086600000| Untracked 
|  81|0x0000000086700000, 0x0000000086700000, 0x0000000086800000|  0%| F|  |TAMS 0x0000000086700000, 0x0000000086700000| Untracked 
|  82|0x0000000086800000, 0x0000000086800000, 0x0000000086900000|  0%| F|  |TAMS 0x0000000086800000, 0x0000000086800000| Untracked 
|  83|0x0000000086900000, 0x0000000086900000, 0x0000000086a00000|  0%| F|  |TAMS 0x0000000086900000, 0x0000000086900000| Untracked 
|  84|0x0000000086a00000, 0x0000000086a00000, 0x0000000086b00000|  0%| F|  |TAMS 0x0000000086a00000, 0x0000000086a00000| Untracked 
|  85|0x0000000086b00000, 0x0000000086b97130, 0x0000000086c00000| 59%| S|CS|TAMS 0x0000000086b00000, 0x0000000086b00000| Complete 
|  86|0x0000000086c00000, 0x0000000086d00000, 0x0000000086d00000|100%| S|CS|TAMS 0x0000000086c00000, 0x0000000086c00000| Complete 
|  87|0x0000000086d00000, 0x0000000086e00000, 0x0000000086e00000|100%| S|CS|TAMS 0x0000000086d00000, 0x0000000086d00000| Complete 
|  88|0x0000000086e00000, 0x0000000086f00000, 0x0000000086f00000|100%| S|CS|TAMS 0x0000000086e00000, 0x0000000086e00000| Complete 
|  89|0x0000000086f00000, 0x0000000086f00000, 0x0000000087000000|  0%| F|  |TAMS 0x0000000086f00000, 0x0000000086f00000| Untracked 
|  90|0x0000000087000000, 0x0000000087000000, 0x0000000087100000|  0%| F|  |TAMS 0x0000000087000000, 0x0000000087000000| Untracked 
|  91|0x0000000087100000, 0x0000000087100000, 0x0000000087200000|  0%| F|  |TAMS 0x0000000087100000, 0x0000000087100000| Untracked 
|  92|0x0000000087200000, 0x0000000087200000, 0x0000000087300000|  0%| F|  |TAMS 0x0000000087200000, 0x0000000087200000| Untracked 
|  93|0x0000000087300000, 0x0000000087300000, 0x0000000087400000|  0%| F|  |TAMS 0x0000000087300000, 0x0000000087300000| Untracked 
|  94|0x0000000087400000, 0x0000000087400000, 0x0000000087500000|  0%| F|  |TAMS 0x0000000087400000, 0x0000000087400000| Untracked 
|  95|0x0000000087500000, 0x0000000087500000, 0x0000000087600000|  0%| F|  |TAMS 0x0000000087500000, 0x0000000087500000| Untracked 
|  96|0x0000000087600000, 0x0000000087600000, 0x0000000087700000|  0%| F|  |TAMS 0x0000000087600000, 0x0000000087600000| Untracked 
|  97|0x0000000087700000, 0x0000000087700000, 0x0000000087800000|  0%| F|  |TAMS 0x0000000087700000, 0x0000000087700000| Untracked 
|  98|0x0000000087800000, 0x0000000087800000, 0x0000000087900000|  0%| F|  |TAMS 0x0000000087800000, 0x0000000087800000| Untracked 
|  99|0x0000000087900000, 0x0000000087900000, 0x0000000087a00000|  0%| F|  |TAMS 0x0000000087900000, 0x0000000087900000| Untracked 
| 100|0x0000000087a00000, 0x0000000087a00000, 0x0000000087b00000|  0%| F|  |TAMS 0x0000000087a00000, 0x0000000087a00000| Untracked 
| 101|0x0000000087b00000, 0x0000000087b00000, 0x0000000087c00000|  0%| F|  |TAMS 0x0000000087b00000, 0x0000000087b00000| Untracked 
| 102|0x0000000087c00000, 0x0000000087c00000, 0x0000000087d00000|  0%| F|  |TAMS 0x0000000087c00000, 0x0000000087c00000| Untracked 
| 103|0x0000000087d00000, 0x0000000087d00000, 0x0000000087e00000|  0%| F|  |TAMS 0x0000000087d00000, 0x0000000087d00000| Untracked 
| 104|0x0000000087e00000, 0x0000000087e00000, 0x0000000087f00000|  0%| F|  |TAMS 0x0000000087e00000, 0x0000000087e00000| Untracked 
| 105|0x0000000087f00000, 0x0000000087f00000, 0x0000000088000000|  0%| F|  |TAMS 0x0000000087f00000, 0x0000000087f00000| Untracked 
| 106|0x0000000088000000, 0x0000000088000000, 0x0000000088100000|  0%| F|  |TAMS 0x0000000088000000, 0x0000000088000000| Untracked 
| 107|0x0000000088100000, 0x0000000088100000, 0x0000000088200000|  0%| F|  |TAMS 0x0000000088100000, 0x0000000088100000| Untracked 
| 108|0x0000000088200000, 0x0000000088200000, 0x0000000088300000|  0%| F|  |TAMS 0x0000000088200000, 0x0000000088200000| Untracked 
| 109|0x0000000088300000, 0x0000000088300000, 0x0000000088400000|  0%| F|  |TAMS 0x0000000088300000, 0x0000000088300000| Untracked 
| 110|0x0000000088400000, 0x0000000088400000, 0x0000000088500000|  0%| F|  |TAMS 0x0000000088400000, 0x0000000088400000| Untracked 
| 111|0x0000000088500000, 0x0000000088500000, 0x0000000088600000|  0%| F|  |TAMS 0x0000000088500000, 0x0000000088500000| Untracked 
| 112|0x0000000088600000, 0x0000000088600000, 0x0000000088700000|  0%| F|  |TAMS 0x0000000088600000, 0x0000000088600000| Untracked 
| 113|0x0000000088700000, 0x0000000088700000, 0x0000000088800000|  0%| F|  |TAMS 0x0000000088700000, 0x0000000088700000| Untracked 
| 114|0x0000000088800000, 0x0000000088800000, 0x0000000088900000|  0%| F|  |TAMS 0x0000000088800000, 0x0000000088800000| Untracked 
| 115|0x0000000088900000, 0x0000000088900000, 0x0000000088a00000|  0%| F|  |TAMS 0x0000000088900000, 0x0000000088900000| Untracked 
| 116|0x0000000088a00000, 0x0000000088a00000, 0x0000000088b00000|  0%| F|  |TAMS 0x0000000088a00000, 0x0000000088a00000| Untracked 
| 117|0x0000000088b00000, 0x0000000088b00000, 0x0000000088c00000|  0%| F|  |TAMS 0x0000000088b00000, 0x0000000088b00000| Untracked 
| 118|0x0000000088c00000, 0x0000000088c00000, 0x0000000088d00000|  0%| F|  |TAMS 0x0000000088c00000, 0x0000000088c00000| Untracked 
| 119|0x0000000088d00000, 0x0000000088d00000, 0x0000000088e00000|  0%| F|  |TAMS 0x0000000088d00000, 0x0000000088d00000| Untracked 
| 120|0x0000000088e00000, 0x0000000088e00000, 0x0000000088f00000|  0%| F|  |TAMS 0x0000000088e00000, 0x0000000088e00000| Untracked 
| 121|0x0000000088f00000, 0x0000000088f00000, 0x0000000089000000|  0%| F|  |TAMS 0x0000000088f00000, 0x0000000088f00000| Untracked 
| 122|0x0000000089000000, 0x0000000089000000, 0x0000000089100000|  0%| F|  |TAMS 0x0000000089000000, 0x0000000089000000| Untracked 
| 123|0x0000000089100000, 0x0000000089100000, 0x0000000089200000|  0%| F|  |TAMS 0x0000000089100000, 0x0000000089100000| Untracked 
| 124|0x0000000089200000, 0x0000000089200000, 0x0000000089300000|  0%| F|  |TAMS 0x0000000089200000, 0x0000000089200000| Untracked 
| 125|0x0000000089300000, 0x0000000089300000, 0x0000000089400000|  0%| F|  |TAMS 0x0000000089300000, 0x0000000089300000| Untracked 
| 126|0x0000000089400000, 0x0000000089400000, 0x0000000089500000|  0%| F|  |TAMS 0x0000000089400000, 0x0000000089400000| Untracked 
| 127|0x0000000089500000, 0x0000000089500000, 0x0000000089600000|  0%| F|  |TAMS 0x0000000089500000, 0x0000000089500000| Untracked 
| 128|0x0000000089600000, 0x0000000089600000, 0x0000000089700000|  0%| F|  |TAMS 0x0000000089600000, 0x0000000089600000| Untracked 
| 129|0x0000000089700000, 0x0000000089700000, 0x0000000089800000|  0%| F|  |TAMS 0x0000000089700000, 0x0000000089700000| Untracked 
| 130|0x0000000089800000, 0x0000000089800000, 0x0000000089900000|  0%| F|  |TAMS 0x0000000089800000, 0x0000000089800000| Untracked 
| 131|0x0000000089900000, 0x0000000089900000, 0x0000000089a00000|  0%| F|  |TAMS 0x0000000089900000, 0x0000000089900000| Untracked 
| 132|0x0000000089a00000, 0x0000000089a00000, 0x0000000089b00000|  0%| F|  |TAMS 0x0000000089a00000, 0x0000000089a00000| Untracked 
| 133|0x0000000089b00000, 0x0000000089b80800, 0x0000000089c00000| 50%| E|  |TAMS 0x0000000089b00000, 0x0000000089b00000| Complete 
| 134|0x0000000089c00000, 0x0000000089d00000, 0x0000000089d00000|100%| E|CS|TAMS 0x0000000089c00000, 0x0000000089c00000| Complete 
| 135|0x0000000089d00000, 0x0000000089e00000, 0x0000000089e00000|100%| E|CS|TAMS 0x0000000089d00000, 0x0000000089d00000| Complete 
| 136|0x0000000089e00000, 0x0000000089f00000, 0x0000000089f00000|100%| E|CS|TAMS 0x0000000089e00000, 0x0000000089e00000| Complete 
| 137|0x0000000089f00000, 0x000000008a000000, 0x000000008a000000|100%| E|CS|TAMS 0x0000000089f00000, 0x0000000089f00000| Complete 
| 138|0x000000008a000000, 0x000000008a100000, 0x000000008a100000|100%| E|CS|TAMS 0x000000008a000000, 0x000000008a000000| Complete 
| 139|0x000000008a100000, 0x000000008a200000, 0x000000008a200000|100%| E|CS|TAMS 0x000000008a100000, 0x000000008a100000| Complete 
| 140|0x000000008a200000, 0x000000008a300000, 0x000000008a300000|100%| E|CS|TAMS 0x000000008a200000, 0x000000008a200000| Complete 
| 141|0x000000008a300000, 0x000000008a400000, 0x000000008a400000|100%| E|CS|TAMS 0x000000008a300000, 0x000000008a300000| Complete 
| 142|0x000000008a400000, 0x000000008a500000, 0x000000008a500000|100%| E|CS|TAMS 0x000000008a400000, 0x000000008a400000| Complete 
| 143|0x000000008a500000, 0x000000008a600000, 0x000000008a600000|100%| E|CS|TAMS 0x000000008a500000, 0x000000008a500000| Complete 
| 144|0x000000008a600000, 0x000000008a700000, 0x000000008a700000|100%| E|CS|TAMS 0x000000008a600000, 0x000000008a600000| Complete 
| 145|0x000000008a700000, 0x000000008a800000, 0x000000008a800000|100%| E|CS|TAMS 0x000000008a700000, 0x000000008a700000| Complete 
| 146|0x000000008a800000, 0x000000008a900000, 0x000000008a900000|100%| E|CS|TAMS 0x000000008a800000, 0x000000008a800000| Complete 
| 147|0x000000008a900000, 0x000000008aa00000, 0x000000008aa00000|100%| E|CS|TAMS 0x000000008a900000, 0x000000008a900000| Complete 
| 148|0x000000008aa00000, 0x000000008ab00000, 0x000000008ab00000|100%| E|CS|TAMS 0x000000008aa00000, 0x000000008aa00000| Complete 
| 149|0x000000008ab00000, 0x000000008ac00000, 0x000000008ac00000|100%| E|CS|TAMS 0x000000008ab00000, 0x000000008ab00000| Complete 
| 150|0x000000008ac00000, 0x000000008ad00000, 0x000000008ad00000|100%| E|CS|TAMS 0x000000008ac00000, 0x000000008ac00000| Complete 
| 151|0x000000008ad00000, 0x000000008ae00000, 0x000000008ae00000|100%| E|CS|TAMS 0x000000008ad00000, 0x000000008ad00000| Complete 
| 152|0x000000008ae00000, 0x000000008af00000, 0x000000008af00000|100%| E|CS|TAMS 0x000000008ae00000, 0x000000008ae00000| Complete 
| 153|0x000000008af00000, 0x000000008b000000, 0x000000008b000000|100%| E|CS|TAMS 0x000000008af00000, 0x000000008af00000| Complete 

Card table byte_map: [0x0000022dff3e0000,0x0000022dff7e0000] _byte_map_base: 0x0000022dfefd5000

Marking Bits (Prev, Next): (CMBitMap*) 0x0000022df69ee230, (CMBitMap*) 0x0000022df69ee1f8
 Prev Bits: [0x0000022d90fb0000, 0x0000022d92f58000)
 Next Bits: [0x0000022d8f000000, 0x0000022d90fa8000)

Polling page: 0x0000022df5fb0000

Metaspace:

Usage:
  Non-class:     23.43 MB capacity,    23.20 MB (>99%) used,   203.89 KB ( <1%) free+waste,    35.38 KB ( <1%) overhead. 
      Class:      3.02 MB capacity,     2.94 MB ( 97%) used,    76.99 KB (  2%) free+waste,    14.06 KB ( <1%) overhead. 
       Both:     26.46 MB capacity,    26.14 MB ( 99%) used,   280.88 KB (  1%) free+waste,    49.44 KB ( <1%) overhead. 

Virtual space:
  Non-class space:       24.00 MB reserved,      23.50 MB ( 98%) committed 
      Class space:        1.00 GB reserved,       3.13 MB ( <1%) committed 
             Both:        1.02 GB reserved,      26.63 MB (  3%) committed 

Chunk freelists:
   Non-Class:  4.00 KB
       Class:  7.00 KB
        Both:  11.00 KB

MaxMetaspaceSize: 17179869184.00 GB
CompressedClassSpaceSize: 1.00 GB

CodeHeap 'non-profiled nmethods': size=120064Kb used=1879Kb max_used=1879Kb free=118184Kb
 bounds [0x0000022d87ac0000, 0x0000022d87d30000, 0x0000022d8f000000]
CodeHeap 'profiled nmethods': size=120000Kb used=8452Kb max_used=8452Kb free=111547Kb
 bounds [0x0000022d80590000, 0x0000022d80de0000, 0x0000022d87ac0000]
CodeHeap 'non-nmethods': size=5696Kb used=1156Kb max_used=1213Kb free=4539Kb
 bounds [0x0000022d80000000, 0x0000022d80270000, 0x0000022d80590000]
 total_blobs=4502 nmethods=4003 adapters=408
 compilation: enabled
              stopped_count=0, restarted_count=0
 full_count=0

Compilation events (20 events):
Event: 6.649 Thread 0x0000022d959c1000 nmethod 3997 0x0000022d80dccf90 code [0x0000022d80dcd220, 0x0000022d80dcdc28]
Event: 6.649 Thread 0x0000022d959c1000 3998       1       java.util.concurrent.atomic.AtomicLong::get (5 bytes)
Event: 6.649 Thread 0x0000022d959c1000 nmethod 3998 0x0000022d87c93810 code [0x0000022d87c939c0, 0x0000022d87c93a78]
Event: 6.649 Thread 0x0000022d959c1000 4003       3       jdk.internal.org.objectweb.asm.Type::getDescriptor (87 bytes)
Event: 6.649 Thread 0x0000022d959c1000 nmethod 4003 0x0000022d80dce110 code [0x0000022d80dce340, 0x0000022d80dce828]
Event: 6.654 Thread 0x0000022d959b8800 nmethod 3993 0x0000022d87c93b10 code [0x0000022d87c93d20, 0x0000022d87c94510]
Event: 6.670 Thread 0x0000022d959c1000 4005       3       java.io.FileInputStream::read (9 bytes)
Event: 6.671 Thread 0x0000022d959c1000 nmethod 4005 0x0000022d80dcea90 code [0x0000022d80dcec40, 0x0000022d80dced88]
Event: 6.676 Thread 0x0000022d959c1000 4006       3       java.io.WinNTFileSystem::normalize (143 bytes)
Event: 6.677 Thread 0x0000022d959c1000 nmethod 4006 0x0000022d80dcee90 code [0x0000022d80dcf120, 0x0000022d80dcfc78]
Event: 6.685 Thread 0x0000022d959b8800 4007       4       java.lang.ref.Reference::reachabilityFence (1 bytes)
Event: 6.685 Thread 0x0000022d959c1000 4008   !   3       java.nio.DirectByteBuffer::put (32 bytes)
Event: 6.686 Thread 0x0000022d959b8800 nmethod 4007 0x0000022d87c95410 code [0x0000022d87c955a0, 0x0000022d87c955d8]
Event: 6.686 Thread 0x0000022d959b8800 4011       4       java.nio.DirectByteBuffer::ix (10 bytes)
Event: 6.686 Thread 0x0000022d959c1000 nmethod 4008 0x0000022d80dd0110 code [0x0000022d80dd02e0, 0x0000022d80dd05d8]
Event: 6.686 Thread 0x0000022d959c1000 4009       3       jdk.internal.misc.Unsafe::putByte (8 bytes)
Event: 6.686 Thread 0x0000022d959c1000 nmethod 4009 0x0000022d80dd0810 code [0x0000022d80dd09c0, 0x0000022d80dd0ad8]
Event: 6.686 Thread 0x0000022d959b8800 nmethod 4011 0x0000022d87c95690 code [0x0000022d87c95820, 0x0000022d87c95898]
Event: 6.712 Thread 0x0000022d959c1000 4014       3       jdk.internal.org.objectweb.asm.MethodWriter::visitInsn (114 bytes)
Event: 6.712 Thread 0x0000022d959c1000 nmethod 4014 0x0000022d80dd0b90 code [0x0000022d80dd0d80, 0x0000022d80dd11a8]

GC Heap History (10 events):
Event: 0.758 GC heap before
{Heap before GC invocations=0 (full 0):
 garbage-first heap   total 131072K, used 14336K [0x0000000081600000, 0x0000000100000000)
  region size 1024K, 14 young (14336K), 0 survivors (0K)
 Metaspace       used 7994K, capacity 8093K, committed 8192K, reserved 1056768K
  class space    used 682K, capacity 690K, committed 768K, reserved 1048576K
}
Event: 0.765 GC heap after
{Heap after GC invocations=1 (full 0):
 garbage-first heap   total 131072K, used 4715K [0x0000000081600000, 0x0000000100000000)
  region size 1024K, 2 young (2048K), 2 survivors (2048K)
 Metaspace       used 7994K, capacity 8093K, committed 8192K, reserved 1056768K
  class space    used 682K, capacity 690K, committed 768K, reserved 1048576K
}
Event: 1.248 GC heap before
{Heap before GC invocations=1 (full 0):
 garbage-first heap   total 131072K, used 15979K [0x0000000081600000, 0x0000000100000000)
  region size 1024K, 14 young (14336K), 2 survivors (2048K)
 Metaspace       used 9697K, capacity 9846K, committed 9984K, reserved 1058816K
  class space    used 893K, capacity 958K, committed 1024K, reserved 1048576K
}
Event: 1.253 GC heap after
{Heap after GC invocations=2 (full 0):
 garbage-first heap   total 131072K, used 8491K [0x0000000081600000, 0x0000000100000000)
  region size 1024K, 2 young (2048K), 2 survivors (2048K)
 Metaspace       used 9697K, capacity 9846K, committed 9984K, reserved 1058816K
  class space    used 893K, capacity 958K, committed 1024K, reserved 1048576K
}
Event: 3.422 GC heap before
{Heap before GC invocations=2 (full 0):
 garbage-first heap   total 131072K, used 89387K [0x0000000081600000, 0x0000000100000000)
  region size 1024K, 76 young (77824K), 2 survivors (2048K)
 Metaspace       used 20900K, capacity 21124K, committed 21248K, reserved 1069056K
  class space    used 2388K, capacity 2465K, committed 2560K, reserved 1048576K
}
Event: 3.443 GC heap after
{Heap after GC invocations=3 (full 0):
 garbage-first heap   total 131072K, used 18698K [0x0000000081600000, 0x0000000100000000)
  region size 1024K, 10 young (10240K), 10 survivors (10240K)
 Metaspace       used 20900K, capacity 21124K, committed 21248K, reserved 1069056K
  class space    used 2388K, capacity 2465K, committed 2560K, reserved 1048576K
}
Event: 3.447 GC heap before
{Heap before GC invocations=3 (full 0):
 garbage-first heap   total 131072K, used 18698K [0x0000000081600000, 0x0000000100000000)
  region size 1024K, 11 young (11264K), 10 survivors (10240K)
 Metaspace       used 20941K, capacity 21124K, committed 21248K, reserved 1069056K
  class space    used 2397K, capacity 2465K, committed 2560K, reserved 1048576K
}
Event: 3.461 GC heap after
{Heap after GC invocations=4 (full 0):
 garbage-first heap   total 131072K, used 20027K [0x0000000081600000, 0x0000000100000000)
  region size 1024K, 1 young (1024K), 1 survivors (1024K)
 Metaspace       used 20941K, capacity 21124K, committed 21248K, reserved 1069056K
  class space    used 2397K, capacity 2465K, committed 2560K, reserved 1048576K
}
Event: 5.409 GC heap before
{Heap before GC invocations=5 (full 0):
 garbage-first heap   total 131072K, used 58939K [0x0000000081600000, 0x0000000100000000)
  region size 1024K, 39 young (39936K), 1 survivors (1024K)
 Metaspace       used 25387K, capacity 25722K, committed 25856K, reserved 1073152K
  class space    used 2889K, capacity 2985K, committed 3072K, reserved 1048576K
}
Event: 5.423 GC heap after
{Heap after GC invocations=6 (full 0):
 garbage-first heap   total 157696K, used 22679K [0x0000000081600000, 0x0000000100000000)
  region size 1024K, 4 young (4096K), 4 survivors (4096K)
 Metaspace       used 25387K, capacity 25722K, committed 25856K, reserved 1073152K
  class space    used 2889K, capacity 2985K, committed 3072K, reserved 1048576K
}

Deoptimization events (20 events):
Event: 6.126 Thread 0x0000022df69ac800 Uncommon trap: trap_request=0xffffffc6 fr.pc=0x0000022d87c6ba28 relative=0x0000000000000088
Event: 6.126 Thread 0x0000022df69ac800 Uncommon trap: reason=bimorphic_or_optimized_type_check action=maybe_recompile pc=0x0000022d87c6ba28 method=java.util.AbstractList$Itr.hasNext()Z @ 8 c2
Event: 6.126 Thread 0x0000022df69ac800 DEOPT PACKING pc=0x0000022d87c6ba28 sp=0x00000044429fba50
Event: 6.126 Thread 0x0000022df69ac800 DEOPT UNPACKING pc=0x0000022d800274af sp=0x00000044429fb9e8 mode 2
Event: 6.126 Thread 0x0000022df69ac800 Uncommon trap: trap_request=0xffffffc6 fr.pc=0x0000022d87c71b9c relative=0x00000000000000dc
Event: 6.126 Thread 0x0000022df69ac800 Uncommon trap: reason=bimorphic_or_optimized_type_check action=maybe_recompile pc=0x0000022d87c71b9c method=java.util.AbstractList$Itr.next()Ljava/lang/Object; @ 14 c2
Event: 6.126 Thread 0x0000022df69ac800 DEOPT PACKING pc=0x0000022d87c71b9c sp=0x00000044429fba50
Event: 6.126 Thread 0x0000022df69ac800 DEOPT UNPACKING pc=0x0000022d800274af sp=0x00000044429fb9d8 mode 2
Event: 6.627 Thread 0x0000022df69ac800 Uncommon trap: trap_request=0xffffff4d fr.pc=0x0000022d87b475a8 relative=0x0000000000001468
Event: 6.627 Thread 0x0000022df69ac800 Uncommon trap: reason=unstable_if action=reinterpret pc=0x0000022d87b475a8 method=java.io.WinNTFileSystem.normalize(Ljava/lang/String;)Ljava/lang/String; @ 128 c2
Event: 6.627 Thread 0x0000022df69ac800 DEOPT PACKING pc=0x0000022d87b475a8 sp=0x00000044429f9bc0
Event: 6.627 Thread 0x0000022df69ac800 DEOPT UNPACKING pc=0x0000022d800274af sp=0x00000044429f9b98 mode 2
Event: 6.694 Thread 0x0000022df69ac800 Uncommon trap: trap_request=0xffffffde fr.pc=0x0000022d87b3d104 relative=0x0000000000000064
Event: 6.694 Thread 0x0000022df69ac800 Uncommon trap: reason=class_check action=maybe_recompile pc=0x0000022d87b3d104 method=java.util.LinkedHashMap.afterNodeInsertion(Z)V @ 15 c2
Event: 6.694 Thread 0x0000022df69ac800 DEOPT PACKING pc=0x0000022d87b3d104 sp=0x00000044429f7a80
Event: 6.694 Thread 0x0000022df69ac800 DEOPT UNPACKING pc=0x0000022d800274af sp=0x00000044429f79f8 mode 2
Event: 6.694 Thread 0x0000022df69ac800 Uncommon trap: trap_request=0xffffffde fr.pc=0x0000022d87b3d104 relative=0x0000000000000064
Event: 6.694 Thread 0x0000022df69ac800 Uncommon trap: reason=class_check action=maybe_recompile pc=0x0000022d87b3d104 method=java.util.LinkedHashMap.afterNodeInsertion(Z)V @ 15 c2
Event: 6.694 Thread 0x0000022df69ac800 DEOPT PACKING pc=0x0000022d87b3d104 sp=0x00000044429f7a80
Event: 6.694 Thread 0x0000022df69ac800 DEOPT UNPACKING pc=0x0000022d800274af sp=0x00000044429f79f8 mode 2

Classes redefined (0 events):
No events

Internal exceptions (20 events):
Event: 4.795 Thread 0x0000022df69ac800 Exception <a 'java/io/FileNotFoundException'{0x0000000087fcf8f0}> (0x0000000087fcf8f0) thrown at [./src/hotspot/share/prims/jni.cpp, line 615]
Event: 4.841 Thread 0x0000022df69ac800 Exception <a 'java/io/FileNotFoundException'{0x0000000087ea9d48}> (0x0000000087ea9d48) thrown at [./src/hotspot/share/prims/jni.cpp, line 615]
Event: 4.894 Thread 0x0000022df69ac800 Exception <a 'java/io/FileNotFoundException'{0x0000000087d9a088}> (0x0000000087d9a088) thrown at [./src/hotspot/share/prims/jni.cpp, line 615]
Event: 4.899 Thread 0x0000022df69ac800 Exception <a 'java/io/FileNotFoundException'{0x0000000087dab708}> (0x0000000087dab708) thrown at [./src/hotspot/share/prims/jni.cpp, line 615]
Event: 4.922 Thread 0x0000022df69ac800 Exception <a 'java/io/FileNotFoundException'{0x0000000087c408c0}> (0x0000000087c408c0) thrown at [./src/hotspot/share/prims/jni.cpp, line 615]
Event: 4.929 Thread 0x0000022df69ac800 Exception <a 'java/io/FileNotFoundException'{0x0000000087c549e0}> (0x0000000087c549e0) thrown at [./src/hotspot/share/prims/jni.cpp, line 615]
Event: 4.941 Thread 0x0000022df69ac800 Exception <a 'java/io/FileNotFoundException'{0x0000000087c78db0}> (0x0000000087c78db0) thrown at [./src/hotspot/share/prims/jni.cpp, line 615]
Event: 4.948 Thread 0x0000022df69ac800 Exception <a 'java/io/FileNotFoundException'{0x0000000087c9ce30}> (0x0000000087c9ce30) thrown at [./src/hotspot/share/prims/jni.cpp, line 615]
Event: 5.305 Thread 0x0000022df69ac800 Exception <a 'java/lang/reflect/InvocationTargetException'{0x00000000873e4318}> (0x00000000873e4318) thrown at [./src/hotspot/share/runtime/reflection.cpp, line 1247]
Event: 5.306 Thread 0x0000022df69ac800 Exception <a 'java/lang/reflect/InvocationTargetException'{0x00000000873fd420}> (0x00000000873fd420) thrown at [./src/hotspot/share/runtime/reflection.cpp, line 1247]
Event: 5.308 Thread 0x0000022df69ac800 Exception <a 'java/lang/reflect/InvocationTargetException'{0x0000000087216bc8}> (0x0000000087216bc8) thrown at [./src/hotspot/share/runtime/reflection.cpp, line 1247]
Event: 5.313 Thread 0x0000022df69ac800 Exception <a 'java/lang/reflect/InvocationTargetException'{0x00000000872510d0}> (0x00000000872510d0) thrown at [./src/hotspot/share/runtime/reflection.cpp, line 1247]
Event: 6.132 Thread 0x0000022df69ac800 Exception <a 'java/lang/NoSuchMethodError'{0x0000000089d8e038}: 'java.lang.Object java.lang.invoke.DirectMethodHandle$Holder.invokeStaticInit(java.lang.Object, int, int, int, int)'> (0x0000000089d8e038) thrown at [./src/hotspot/share/interpreter/linkResolver.cpp, line 773]
Event: 6.646 Thread 0x0000022df69ac800 Exception <a 'java/lang/NoSuchMethodError'{0x0000000089c53cc8}: 'java.lang.Object java.lang.invoke.DirectMethodHandle$Holder.invokeStaticInit(java.lang.Object, java.lang.Object, int, int, int, int)'> (0x0000000089c53cc8) thrown at [./src/hotspot/share/interpreter/linkResolver.cpp, line 773]
Event: 6.710 Thread 0x0000022df69ac800 Exception <a 'java/security/PrivilegedActionException'{0x0000000089b0ba30}> (0x0000000089b0ba30) thrown at [./src/hotspot/share/prims/jvm.cpp, line 1297]
Event: 6.710 Thread 0x0000022df69ac800 Exception <a 'java/security/PrivilegedActionException'{0x0000000089b0d178}> (0x0000000089b0d178) thrown at [./src/hotspot/share/prims/jvm.cpp, line 1297]
Event: 6.710 Thread 0x0000022df69ac800 Exception <a 'java/security/PrivilegedActionException'{0x0000000089b0e7e0}> (0x0000000089b0e7e0) thrown at [./src/hotspot/share/prims/jvm.cpp, line 1297]
Event: 6.713 Thread 0x0000022df69ac800 Exception <a 'java/security/PrivilegedActionException'{0x0000000089b1b228}> (0x0000000089b1b228) thrown at [./src/hotspot/share/prims/jvm.cpp, line 1297]
Event: 6.713 Thread 0x0000022df69ac800 Exception <a 'java/security/PrivilegedActionException'{0x0000000089b1c888}> (0x0000000089b1c888) thrown at [./src/hotspot/share/prims/jvm.cpp, line 1297]
Event: 6.713 Thread 0x0000022df69ac800 Exception <a 'java/security/PrivilegedActionException'{0x0000000089b1dea8}> (0x0000000089b1dea8) thrown at [./src/hotspot/share/prims/jvm.cpp, line 1297]

Events (20 events):
Event: 6.731 loading class org/lwjgl/MemoryUtil$Accessor
Event: 6.731 loading class org/lwjgl/MemoryUtil$Accessor done
Event: 6.731 loading class java/nio/charset/CharacterCodingException
Event: 6.731 loading class java/nio/charset/CharacterCodingException done
Event: 6.732 loading class org/lwjgl/MemoryUtilSun$AccessorUnsafe
Event: 6.732 loading class org/lwjgl/MemoryUtilSun$AccessorUnsafe done
Event: 6.733 loading class sun/misc/Unsafe
Event: 6.734 loading class sun/misc/Unsafe done
Event: 6.735 loading class org/lwjgl/MemoryUtilSun
Event: 6.735 loading class org/lwjgl/MemoryUtilSun done
Event: 6.736 loading class org/lwjgl/MemoryUtilSun$AccessorReflectFast
Event: 6.736 loading class org/lwjgl/MemoryUtilSun$AccessorReflectFast done
Event: 6.801 loading class org/lwjgl/openal/ALCdevice
Event: 6.801 loading class org/lwjgl/openal/ALCdevice done
Event: 6.802 loading class org/lwjgl/openal/ALCcontext
Event: 6.802 loading class org/lwjgl/openal/ALCcontext done
Event: 6.802 loading class org/lwjgl/openal/Util
Event: 6.802 loading class org/lwjgl/openal/Util done
Event: 6.803 loading class org/lwjgl/openal/OpenALException
Event: 6.803 loading class org/lwjgl/openal/OpenALException done


Dynamic libraries:
0x00007ff72af60000 - 0x00007ff72af6d000 	C:\Program Files\AdoptOpenJDK\jdk-11.0.8.10-hotspot\bin\javaw.exe
0x00007ffa391d0000 - 0x00007ffa393a0000 	C:\WINDOWS\SYSTEM32\ntdll.dll
0x00007ffa39120000 - 0x00007ffa391cb000 	C:\WINDOWS\System32\KERNEL32.DLL
0x00007ffa357d0000 - 0x00007ffa359ed000 	C:\WINDOWS\System32\KERNELBASE.dll
0x00007ffa35ed0000 - 0x00007ffa35fc4000 	C:\WINDOWS\System32\ucrtbase.dll
0x00007ffa30d80000 - 0x00007ffa30d97000 	C:\Program Files\AdoptOpenJDK\jdk-11.0.8.10-hotspot\bin\jli.dll
0x00007ffa36940000 - 0x00007ffa36aa5000 	C:\WINDOWS\System32\USER32.dll
0x00007ffa35da0000 - 0x00007ffa35dbe000 	C:\WINDOWS\System32\win32u.dll
0x00007ffa367c0000 - 0x00007ffa367f4000 	C:\WINDOWS\System32\GDI32.dll
0x00007ffa35a40000 - 0x00007ffa35bc1000 	C:\WINDOWS\System32\gdi32full.dll
0x00007ffa2fc20000 - 0x00007ffa2fc35000 	C:\Program Files\AdoptOpenJDK\jdk-11.0.8.10-hotspot\bin\VCRUNTIME140.dll
0x00007ffa1fed0000 - 0x00007ffa2014a000 	C:\WINDOWS\WinSxS\amd64_microsoft.windows.common-controls_6595b64144ccf1df_6.0.14393.2848_none_7ddecd5e83436d8c\COMCTL32.dll
0x00007ffa38f80000 - 0x00007ffa3901e000 	C:\WINDOWS\System32\msvcrt.dll
0x00007ffa36c30000 - 0x00007ffa36ef5000 	C:\WINDOWS\System32\combase.dll
0x00007ffa38770000 - 0x00007ffa38891000 	C:\WINDOWS\System32\RPCRT4.dll
0x00007ffa35dc0000 - 0x00007ffa35e2a000 	C:\WINDOWS\System32\bcryptPrimitives.dll
0x00007ffa38950000 - 0x00007ffa3897e000 	C:\WINDOWS\System32\IMM32.DLL
0x00007ffa32b70000 - 0x00007ffa32b9c000 	C:\Program Files (x86)\Panda Security\WAC\PSNMVHookMS64.dll
0x00007ffa36ac0000 - 0x00007ffa36b12000 	C:\WINDOWS\System32\SHLWAPI.dll
0x00007ffa36ab0000 - 0x00007ffa36ab8000 	C:\WINDOWS\System32\PSAPI.DLL
0x00007ffa32ad0000 - 0x00007ffa32b6d000 	C:\Program Files (x86)\Panda Security\WAC\PSNMVTools64.dll
0x00007ffa388a0000 - 0x00007ffa38942000 	C:\WINDOWS\System32\ADVAPI32.dll
0x00007ffa38710000 - 0x00007ffa38769000 	C:\WINDOWS\System32\sechost.dll
0x00007ffa36800000 - 0x00007ffa36938000 	C:\WINDOWS\System32\ole32.dll
0x00007ffa34400000 - 0x00007ffa34432000 	C:\WINDOWS\SYSTEM32\ntmarta.dll
0x00007ffa1b0a0000 - 0x00007ffa1b10f000 	C:\Program Files (x86)\Panda Security\WAC\PSNMVComm64.dll
0x00007ffa32ab0000 - 0x00007ffa32ac4000 	C:\Program Files (x86)\Panda Security\WAC\PSNMVHookPlg64.dll
0x00007ffa29da0000 - 0x00007ffa29e3b000 	C:\Program Files\AdoptOpenJDK\jdk-11.0.8.10-hotspot\bin\msvcp140.dll
0x00007ff9f5360000 - 0x00007ff9f5e1d000 	C:\Program Files\AdoptOpenJDK\jdk-11.0.8.10-hotspot\bin\server\jvm.dll
0x00007ffa23010000 - 0x00007ffa23019000 	C:\WINDOWS\SYSTEM32\WSOCK32.dll
0x00007ffa33c10000 - 0x00007ffa33c33000 	C:\WINDOWS\SYSTEM32\WINMM.dll
0x00007ffa24910000 - 0x00007ffa2491a000 	C:\WINDOWS\SYSTEM32\VERSION.dll
0x00007ffa33be0000 - 0x00007ffa33c0b000 	C:\WINDOWS\SYSTEM32\WINMMBASE.dll
0x00007ffa386a0000 - 0x00007ffa3870a000 	C:\WINDOWS\System32\WS2_32.dll
0x0000022df6020000 - 0x0000022df6062000 	C:\WINDOWS\System32\cfgmgr32.dll
0x00007ffa35630000 - 0x00007ffa3563f000 	C:\WINDOWS\System32\kernel.appcore.dll
0x00007ffa33c70000 - 0x00007ffa33c80000 	C:\Program Files\AdoptOpenJDK\jdk-11.0.8.10-hotspot\bin\verify.dll
0x00007ffa22410000 - 0x00007ffa225a2000 	C:\WINDOWS\SYSTEM32\DBGHELP.DLL
0x00007ffa223e0000 - 0x00007ffa22409000 	C:\WINDOWS\SYSTEM32\dbgcore.DLL
0x00007ffa2b540000 - 0x00007ffa2b568000 	C:\Program Files\AdoptOpenJDK\jdk-11.0.8.10-hotspot\bin\java.dll
0x00007ffa33ab0000 - 0x00007ffa33aba000 	C:\Program Files\AdoptOpenJDK\jdk-11.0.8.10-hotspot\bin\jimage.dll
0x00007ffa2ac90000 - 0x00007ffa2aca7000 	C:\Program Files\AdoptOpenJDK\jdk-11.0.8.10-hotspot\bin\zip.dll
0x00007ffa36fc0000 - 0x00007ffa384c5000 	C:\WINDOWS\System32\SHELL32.dll
0x00007ffa36080000 - 0x00007ffa36759000 	C:\WINDOWS\System32\windows.storage.dll
0x00007ffa35640000 - 0x00007ffa3568c000 	C:\WINDOWS\System32\powrprof.dll
0x00007ffa356c0000 - 0x00007ffa35769000 	C:\WINDOWS\System32\shcore.dll
0x00007ffa35690000 - 0x00007ffa356a4000 	C:\WINDOWS\System32\profapi.dll
0x00007ffa2a6a0000 - 0x00007ffa2a6b9000 	C:\Program Files\AdoptOpenJDK\jdk-11.0.8.10-hotspot\bin\net.dll
0x00007ffa31490000 - 0x00007ffa3155c000 	C:\WINDOWS\SYSTEM32\WINHTTP.dll
0x00007ffa34f60000 - 0x00007ffa34fbc000 	C:\WINDOWS\system32\mswsock.dll
0x00007ffa29f10000 - 0x00007ffa29f22000 	C:\Program Files\AdoptOpenJDK\jdk-11.0.8.10-hotspot\bin\nio.dll
0x0000000065580000 - 0x0000000065616000 	C:\Users\coniglioh\AppData\Local\Temp\libgdxCONIGLIOH\12dfaa03\gdx64.dll
0x00007ffa35100000 - 0x00007ffa35117000 	C:\WINDOWS\System32\CRYPTSP.dll
0x00007ffa34b70000 - 0x00007ffa34ba3000 	C:\WINDOWS\system32\rsaenh.dll
0x00007ffa35210000 - 0x00007ffa3523b000 	C:\WINDOWS\SYSTEM32\bcrypt.dll
0x00007ffa34de0000 - 0x00007ffa34dff000 	C:\WINDOWS\SYSTEM32\USERENV.dll
0x00007ffa35120000 - 0x00007ffa3512b000 	C:\WINDOWS\SYSTEM32\CRYPTBASE.dll
0x00007ffa34ce0000 - 0x00007ffa34d18000 	C:\WINDOWS\SYSTEM32\IPHLPAPI.DLL
0x00007ffa36c20000 - 0x00007ffa36c28000 	C:\WINDOWS\System32\NSI.dll
0x00007ffa31b70000 - 0x00007ffa31b86000 	C:\WINDOWS\SYSTEM32\dhcpcsvc6.DLL
0x00007ffa31b10000 - 0x00007ffa31b2a000 	C:\WINDOWS\SYSTEM32\dhcpcsvc.DLL
0x0000000180000000 - 0x0000000180053000 	C:\Users\coniglioh\AppData\Local\Temp\libgdxCONIGLIOH\dc0f0009\lwjgl64.dll
0x00007ffa0e500000 - 0x00007ffa0e623000 	C:\WINDOWS\SYSTEM32\OPENGL32.dll
0x00007ffa257b0000 - 0x00007ffa257dd000 	C:\WINDOWS\SYSTEM32\GLU32.dll
0x00007ffa12bb0000 - 0x00007ffa12ca7000 	C:\WINDOWS\SYSTEM32\DDRAW.dll
0x00007ffa273f0000 - 0x00007ffa273f8000 	C:\WINDOWS\SYSTEM32\DCIMAN32.dll
0x0000022d97890000 - 0x0000022d978f4000 	C:\Users\CONIGL~1\AppData\Local\Temp\libgdxCONIGLIOH\dc0f0009\OpenAL64.dll
0x00007ffa33d90000 - 0x00007ffa33e25000 	C:\WINDOWS\system32\uxtheme.dll
0x00007ffa36b20000 - 0x00007ffa36bbf000 	C:\WINDOWS\System32\clbcatq.dll
0x00007ffa31d40000 - 0x00007ffa31ec5000 	C:\WINDOWS\System32\PROPSYS.dll
0x00007ffa36f00000 - 0x00007ffa36fc0000 	C:\WINDOWS\System32\OLEAUT32.dll
0x00007ffa35e30000 - 0x00007ffa35ecc000 	C:\WINDOWS\System32\msvcp_win.dll
0x00007ffa073a0000 - 0x00007ffa0743b000 	C:\WINDOWS\SYSTEM32\dsound.dll
0x00007ffa28ba0000 - 0x00007ffa28c11000 	C:\WINDOWS\System32\MMDevApi.dll
0x00007ffa343d0000 - 0x00007ffa343f8000 	C:\WINDOWS\System32\DEVOBJ.dll
0x00007ffa07a90000 - 0x00007ffa07b24000 	C:\WINDOWS\SYSTEM32\AUDIOSES.DLL
0x00007ffa32790000 - 0x00007ffa328c6000 	C:\WINDOWS\SYSTEM32\wintypes.dll

dbghelp: loaded successfully - version: 4.0.5 - missing functions: none
symbol engine: initialized successfully - sym options: 0x614 - pdb path: .;C:\Program Files\AdoptOpenJDK\jdk-11.0.8.10-hotspot\bin;C:\WINDOWS\SYSTEM32;C:\WINDOWS\WinSxS\amd64_microsoft.windows.common-controls_6595b64144ccf1df_6.0.14393.2848_none_7ddecd5e83436d8c;C:\Program Files (x86)\Panda Security\WAC;C:\Program Files\AdoptOpenJDK\jdk-11.0.8.10-hotspot\bin\server;C:\Users\coniglioh\AppData\Local\Temp\libgdxCONIGLIOH\12dfaa03;C:\Users\coniglioh\AppData\Local\Temp\libgdxCONIGLIOH\dc0f0009;C:\Users\CONIGL~1\AppData\Local\Temp\libgdxCONIGLIOH\dc0f0009

VM Arguments:
jvm_args: -Duser.language=es_AR -Dfile.encoding=UTF-8 
java_command: org.uqbar.project.wollok.launch.WollokLauncher -requestsPort 0 -eventsPort 0 -folder -dontValidate -wf src/huertaDeToni.wpgm -darkMode
java_class_path (initial): D:\d\Soft\wollok\workspace\huertaDeToniGame_2020s2_HMC\bin;D:\d\Soft\wollok\plugins\com.ibm.icu_64.2.0.v20190507-1337.jar;D:\d\Soft\wollok\plugins\org.eclipse.xtext_2.20.0.v20191202-0915.jar;D:\d\Soft\wollok\plugins\org.eclipse.emf.ecore.xmi_2.16.0.v20190528-0725.jar;D:\d\Soft\wollok\plugins\org.eclipse.emf.ecore_2.20.0.v20190920-0401.jar;D:\d\Soft\wollok\plugins\org.eclipse.emf.common_2.17.0.v20190920-0401.jar;D:\d\Soft\wollok\plugins\org.antlr.runtime_3.2.0.v201101311130.jar;D:\d\Soft\wollok\plugins\com.google.inject_3.0.0.v201605172100.jar;D:\d\Soft\wollok\plugins\org.eclipse.emf.mwe.core_1.5.1.v20191121-1148.jar;D:\d\Soft\wollok\plugins\org.apache.commons.cli_1.2.0.v201404270220.jar;D:\d\Soft\wollok\plugins\org.eclipse.emf.mwe2.runtime_2.11.1.v20191121-1148.jar;D:\d\Soft\wollok\plugins\org.eclipse.emf.mwe.utils_1.5.1.v20191121-1148.jar;D:\d\Soft\wollok\plugins\org.eclipse.xtext.util_2.20.0.v20191202-0915.jar;D:\d\Soft\wollok\plugins\com.google.guava_27.1.0.v20190517-1946.jar;D:\d\Soft\wollok\plugins\javax.inject_1.0.0.v20091030.jar;D:\d\Soft\wollok\plugins\org.eclipse.xtext.generator_2.20.0.v20191202-0933.jar;D:\d\Soft\wollok\plugins\org.eclipse.xtext.xtext.generator_2.20.0.v20191202-0915.jar;D:\d\Soft\wollok\plugins\org.eclipse.xtext.xbase.lib_2.20.0.v20191202-0907.jar;D:\d\Soft\wollok\plugins\org.eclipse.emf.codegen.ecore_2.20.0.v20191012-0918.jar;D:\d\Soft\wollok\plugins\org.eclipse.emf.codegen_2.19.0.v20190821-1536.jar;D:\d\Soft\wollok\plugins\org.eclipse.xtend_2.2.0.v201605260315.jar;D:\d\Soft\wollok\plugins\org.eclipse.xpand_2.2.0.v201605260315.jar;D:\d\Soft\wollok\plugins\org.eclipse.xtend.typesystem.emf_2.2.0.v201605260315.jar;D:\d\Soft\wollok\plugins\org.uqbar.project.wollok_2.0.2.jar;D:\d\Soft\wollok\plugins\org.eclipse.xtext.xbase_2.20.0.v20191202-0933.jar;D:\d\Soft\wollok\plugins\org.eclipse.xtext.common.types_2.20.0.v20191202-0933.jar;D:\d\Soft\wollok\plugins\org.eclipse.xtend.lib_2.20.0.v20191202-0907.jar;D:\d\Soft\woll
Launcher Type: SUN_STANDARD

[Global flags]
     intx CICompilerCount                          = 3                                         {product} {ergonomic}
     uint ConcGCThreads                            = 1                                         {product} {ergonomic}
     uint G1ConcRefinementThreads                  = 4                                         {product} {ergonomic}
   size_t G1HeapRegionSize                         = 1048576                                   {product} {ergonomic}
    uintx GCDrainStackTargetSize                   = 64                                        {product} {ergonomic}
   size_t InitialHeapSize                          = 134217728                                 {product} {ergonomic}
   size_t MarkStackSize                            = 4194304                                   {product} {ergonomic}
   size_t MaxHeapSize                              = 2124414976                                {product} {ergonomic}
   size_t MaxNewSize                               = 1274019840                                {product} {ergonomic}
   size_t MinHeapDeltaBytes                        = 1048576                                   {product} {ergonomic}
    uintx NonNMethodCodeHeapSize                   = 5830732                                {pd product} {ergonomic}
    uintx NonProfiledCodeHeapSize                  = 122913754                              {pd product} {ergonomic}
    uintx ProfiledCodeHeapSize                     = 122913754                              {pd product} {ergonomic}
    uintx ReservedCodeCacheSize                    = 251658240                              {pd product} {ergonomic}
     bool SegmentedCodeCache                       = true                                      {product} {ergonomic}
     bool UseCompressedClassPointers               = true                                 {lp64_product} {ergonomic}
     bool UseCompressedOops                        = true                                 {lp64_product} {ergonomic}
     bool UseG1GC                                  = true                                      {product} {ergonomic}
     bool UseLargePagesIndividualAllocation        = false                                  {pd product} {ergonomic}

Logging:
Log output configuration:
 #0: stdout all=warning uptime,level,tags
 #1: stderr all=off uptime,level,tags

Environment Variables:
PATH=C:/Program Files/AdoptOpenJDK/jdk-8.0.265.01-hotspot/bin/../jre/bin/server;C:/Program Files/AdoptOpenJDK/jdk-8.0.265.01-hotspot/bin/../jre/bin;C:/Program Files/AdoptOpenJDK/jdk-8.0.265.01-hotspot/bin/../jre/lib/amd64;C:\Program Files\AdoptOpenJDK\jdk-8.0.265.01-hotspot\bin;C:\Program Files\AdoptOpenJDK\jdk-11.0.8.10-hotspot\bin;C:\Program Files (x86)\ibm\gsk8\lib;C:\Program Files (x86)\ibm\gsk8\bin;C:\Program Files (x86)\Informix Client-SDK\bin;C:\WINDOWS\system32;C:\WINDOWS;C:\WINDOWS\System32\Wbem;C:\WINDOWS\System32\WindowsPowerShell\v1.0\;C:\Oracle\product\12.1.0\client_1\bin;C:\Program Files (x86)\Microsoft SQL Server\Client SDK\ODBC\130\Tools\Binn\;C:\Program Files (x86)\Microsoft SQL Server\130\Tools\Binn\;C:\Program Files (x86)\Microsoft SQL Server\130\DTS\Binn\;C:\Program Files (x86)\Microsoft SQL Server\130\Tools\Binn\ManagementStudio\;C:\Program Files (x86)\Verint\Playback\;D:\Program Files\Java\jdk1.8.0_241\bin;C:\Program Files\Git\cmd;C:\Users\coniglioh\AppData\Local\Microsoft\WindowsApps;C:\Users\coniglioh\AppData\Local\GitHubDesktop\bin;D:\d\Soft\wollok;
USERNAME=CONIGLIOH
OS=Windows_NT
PROCESSOR_IDENTIFIER=Intel64 Family 6 Model 78 Stepping 3, GenuineIntel



---------------  S Y S T E M  ---------------

OS: Windows 10 , 64 bit Build 14393 (10.0.14393.2906)
OS uptime: 1 days 6:37 hours

CPU:total 4 (initial active 4) (2 cores per cpu, 2 threads per core) family 6 model 78 stepping 3, cmov, cx8, fxsr, mmx, sse, sse2, sse3, ssse3, sse4.1, sse4.2, popcnt, avx, avx2, aes, clmul, erms, 3dnowpref, lzcnt, ht, tsc, tscinvbit, bmi1, bmi2, adx, fma

Memory: 4k page, system-wide physical 8099M (2069M free)
TotalPageFile size 13219M (AvailPageFile size 4122M)
current process WorkingSet (physical memory assigned to process): 235M, peak: 239M
current process commit charge ("private bytes"): 295M, peak: 303M

vm_info: OpenJDK 64-Bit Server VM (11.0.8+10) for windows-amd64 JRE (11.0.8+10), built on Jul 15 2020 11:45:54 by "" with MS VC++ 15.9 (VS2017)

END.
